c:\users\adesc\desktop\computación gráfica\rendering\esqueleto_practica1\out\vc141.pdb
c:\users\adesc\desktop\computación gráfica\rendering\esqueleto_practica1\out\vc141.idb
c:\users\adesc\desktop\computación gráfica\rendering\esqueleto_practica1\out\ass_parser.obj
c:\users\adesc\desktop\computación gráfica\rendering\esqueleto_practica1\out\camera.obj
c:\users\adesc\desktop\computación gráfica\rendering\esqueleto_practica1\out\area_light.obj
c:\users\adesc\desktop\computación gráfica\rendering\esqueleto_practica1\out\point_light.obj
c:\users\adesc\desktop\computación gráfica\rendering\esqueleto_practica1\out\main.obj
c:\users\adesc\desktop\computación gráfica\rendering\esqueleto_practica1\out\ma_writer.obj
c:\users\adesc\desktop\computación gráfica\rendering\esqueleto_practica1\out\reporter.obj
c:\users\adesc\desktop\computación gráfica\rendering\esqueleto_practica1\bin\x64\debug\rendering.dll
c:\users\adesc\desktop\computación gráfica\rendering\esqueleto_practica1\bin\x64\debug\rendering.ilk
c:\users\adesc\desktop\computación gráfica\rendering\esqueleto_practica1\out\rendering.pdb
c:\users\adesc\desktop\computación gráfica\rendering\esqueleto_practica1\deploy\x64\debug\rendering.lib
c:\users\adesc\desktop\computación gráfica\rendering\esqueleto_practica1\deploy\x64\debug\rendering.exp
c:\users\adesc\desktop\computación gráfica\rendering\esqueleto_practica1\out\rendering.tlog\cl.command.1.tlog
c:\users\adesc\desktop\computación gráfica\rendering\esqueleto_practica1\out\rendering.tlog\cl.read.1.tlog
c:\users\adesc\desktop\computación gráfica\rendering\esqueleto_practica1\out\rendering.tlog\cl.write.1.tlog
c:\users\adesc\desktop\computación gráfica\rendering\esqueleto_practica1\out\rendering.tlog\link.command.1.tlog
c:\users\adesc\desktop\computación gráfica\rendering\esqueleto_practica1\out\rendering.tlog\link.read.1.tlog
c:\users\adesc\desktop\computación gráfica\rendering\esqueleto_practica1\out\rendering.tlog\link.write.1.tlog
c:\users\adesc\desktop\computación gráfica\rendering\esqueleto_practica1\out\rendering.tlog\rendering.write.1u.tlog
